TN:
SF:app.js
FN:51,(anonymous_0)
FN:63,(anonymous_1)
FN:73,(anonymous_2)
FN:95,(anonymous_3)
FN:145,(anonymous_4)
FN:150,(anonymous_5)
FN:156,(anonymous_6)
FN:163,(anonymous_7)
FNF:8
FNH:2
FNDA:36,(anonymous_0)
FNDA:0,(anonymous_1)
FNDA:1,(anonymous_2)
FNDA:0,(anonymous_3)
FNDA:0,(anonymous_4)
FNDA:0,(anonymous_5)
FNDA:0,(anonymous_6)
FNDA:0,(anonymous_7)
DA:1,1
DA:2,1
DA:3,1
DA:4,1
DA:7,1
DA:8,1
DA:9,1
DA:12,1
DA:15,1
DA:18,1
DA:32,1
DA:40,1
DA:43,1
DA:44,1
DA:47,1
DA:50,1
DA:51,1
DA:52,36
DA:55,36
DA:60,1
DA:63,1
DA:64,0
DA:73,1
DA:74,1
DA:75,1
DA:87,0
DA:95,1
DA:96,0
DA:99,0
DA:100,0
DA:107,0
DA:108,0
DA:114,0
DA:115,0
DA:122,0
DA:123,0
DA:130,0
DA:131,0
DA:145,1
DA:146,0
DA:147,0
DA:150,1
DA:151,0
DA:152,0
DA:156,1
DA:157,0
DA:159,0
DA:161,0
DA:163,0
DA:164,0
DA:165,0
DA:166,0
DA:167,0
DA:170,0
DA:171,0
DA:176,1
DA:177,0
DA:180,1
LF:58
LH:30
BRDA:33,0,0,1
BRDA:33,0,1,0
BRDA:50,1,0,1
BRDA:50,1,1,0
BRDA:74,2,0,1
BRDA:74,2,1,0
BRDA:99,3,0,0
BRDA:99,3,1,0
BRDA:107,4,0,0
BRDA:107,4,1,0
BRDA:114,5,0,0
BRDA:114,5,1,0
BRDA:122,6,0,0
BRDA:122,6,1,0
BRDA:130,7,0,0
BRDA:130,7,1,0
BRDA:130,7,2,0
BRDA:133,8,0,0
BRDA:133,8,1,0
BRDA:135,9,0,0
BRDA:135,9,1,0
BRDA:137,10,0,0
BRDA:137,10,1,0
BRDA:140,11,0,0
BRDA:140,11,1,0
BRDA:161,12,0,0
BRDA:161,12,1,0
BRDA:165,13,0,0
BRDA:165,13,1,0
BRDA:176,14,0,0
BRDA:176,14,1,1
BRF:31
BRH:4
end_of_record
TN:
SF:config/database.js
FN:20,(anonymous_0)
FN:31,(anonymous_1)
FNF:2
FNH:1
FNDA:0,(anonymous_0)
FNDA:53,(anonymous_1)
DA:1,1
DA:2,1
DA:5,1
DA:17,1
DA:20,1
DA:21,0
DA:22,0
DA:23,0
DA:24,0
DA:26,0
DA:31,1
DA:32,53
DA:33,53
DA:34,53
DA:36,0
DA:37,0
DA:41,1
LF:17
LH:10
BRDA:6,0,0,1
BRDA:6,0,1,0
BRDA:7,1,0,1
BRDA:7,1,1,0
BRDA:8,2,0,1
BRDA:8,2,1,0
BRDA:9,3,0,1
BRDA:9,3,1,0
BRDA:10,4,0,1
BRDA:10,4,1,0
BRDA:31,5,0,0
BRF:11
BRH:5
end_of_record
TN:
SF:middleware/auth.js
FN:8,(anonymous_0)
FN:19,(anonymous_1)
FN:52,(anonymous_2)
FN:60,(anonymous_3)
FN:69,(anonymous_4)
FNF:5
FNH:3
FNDA:3,(anonymous_0)
FNDA:2,(anonymous_1)
FNDA:16,(anonymous_2)
FNDA:0,(anonymous_3)
FNDA:0,(anonymous_4)
DA:1,1
DA:2,1
DA:8,1
DA:9,3
DA:10,3
DA:12,3
DA:13,1
DA:19,2
DA:20,2
DA:22,1
DA:23,0
DA:27,1
DA:28,1
DA:33,0
DA:41,1
DA:42,1
DA:52,1
DA:53,16
DA:60,1
DA:61,0
DA:62,0
DA:64,0
DA:65,0
DA:66,0
DA:69,0
DA:70,0
DA:71,0
DA:73,0
DA:75,0
DA:79,1
LF:30
LH:18
BRDA:10,0,0,3
BRDA:10,0,1,2
BRDA:12,1,0,1
BRDA:12,1,1,2
BRDA:20,2,0,1
BRDA:20,2,1,1
BRDA:22,3,0,0
BRDA:22,3,1,1
BRDA:27,4,0,1
BRDA:27,4,1,0
BRDA:52,5,0,0
BRDA:62,6,0,0
BRDA:62,6,1,0
BRDA:64,7,0,0
BRDA:64,7,1,0
BRDA:70,8,0,0
BRDA:70,8,1,0
BRF:17
BRH:8
end_of_record
TN:
SF:middleware/passwordPolicy.js
FN:33,(anonymous_0)
FN:91,(anonymous_1)
FN:111,(anonymous_2)
FNF:3
FNH:2
FNDA:18,(anonymous_0)
FNDA:18,(anonymous_1)
FNDA:0,(anonymous_2)
DA:2,1
DA:11,1
DA:33,1
DA:34,18
DA:36,18
DA:37,0
DA:38,0
DA:42,18
DA:43,1
DA:49,18
DA:50,2
DA:54,18
DA:55,0
DA:59,18
DA:60,1
DA:64,18
DA:68,2
DA:74,18
DA:75,1
DA:79,18
DA:80,0
DA:85,18
DA:91,1
DA:92,18
DA:94,18
DA:96,18
DA:97,2
DA:103,16
DA:111,1
DA:112,0
DA:113,0
DA:115,0
DA:116,0
DA:118,0
DA:119,0
DA:120,0
DA:121,0
DA:124,0
DA:131,0
DA:134,0
DA:135,0
DA:136,0
DA:137,0
DA:138,0
DA:140,0
DA:147,1
LF:46
LH:26
BRDA:36,0,0,0
BRDA:36,0,1,18
BRDA:42,1,0,1
BRDA:42,1,1,17
BRDA:49,2,0,2
BRDA:49,2,1,16
BRDA:49,3,0,18
BRDA:49,3,1,18
BRDA:54,4,0,0
BRDA:54,4,1,18
BRDA:54,5,0,18
BRDA:54,5,1,18
BRDA:59,6,0,1
BRDA:59,6,1,17
BRDA:59,7,0,18
BRDA:59,7,1,18
BRDA:64,8,0,2
BRDA:64,8,1,16
BRDA:65,9,0,18
BRDA:65,9,1,18
BRDA:74,10,0,1
BRDA:74,10,1,17
BRDA:79,11,0,0
BRDA:79,11,1,18
BRDA:96,12,0,2
BRDA:96,12,1,16
BRDA:115,13,0,0
BRDA:115,13,1,0
BRDA:116,14,0,0
BRDA:116,14,1,0
BRDA:118,15,0,0
BRDA:118,15,1,0
BRDA:119,16,0,0
BRDA:119,16,1,0
BRDA:120,17,0,0
BRDA:120,17,1,0
BRDA:121,18,0,0
BRDA:121,18,1,0
BRDA:131,19,0,0
BRDA:131,19,1,0
BRDA:135,20,0,0
BRDA:135,20,1,0
BRDA:136,21,0,0
BRDA:136,21,1,0
BRDA:137,22,0,0
BRDA:137,22,1,0
BRDA:138,23,0,0
BRDA:138,23,1,0
BRF:48
BRH:23
end_of_record
TN:
SF:middleware/rateLimiter.js
FN:15,(anonymous_0)
FN:19,(anonymous_1)
FNF:2
FNH:1
FNDA:12,(anonymous_0)
FNDA:0,(anonymous_1)
DA:1,1
DA:4,1
DA:17,12
DA:20,0
DA:28,1
DA:38,1
LF:6
LH:5
BRDA:6,0,0,1
BRDA:6,0,1,0
BRDA:30,1,0,1
BRDA:30,1,1,0
BRF:4
BRH:2
end_of_record
TN:
SF:routes/auth.js
FN:13,(anonymous_0)
FN:48,(anonymous_1)
FN:104,(anonymous_2)
FN:203,(anonymous_3)
FN:230,(anonymous_4)
FN:238,(anonymous_5)
FNF:6
FNH:5
FNDA:19,(anonymous_0)
FNDA:16,(anonymous_1)
FNDA:12,(anonymous_2)
FNDA:1,(anonymous_3)
FNDA:0,(anonymous_4)
FNDA:1,(anonymous_5)
DA:1,1
DA:2,1
DA:3,1
DA:6,1
DA:7,1
DA:8,1
DA:10,1
DA:13,1
DA:14,19
DA:16,19
DA:17,1
DA:24,18
DA:25,18
DA:26,0
DA:33,18
DA:34,0
DA:40,18
DA:44,1
DA:49,16
DA:50,16
DA:53,16
DA:58,16
DA:59,2
DA:66,14
DA:67,14
DA:70,14
DA:76,14
DA:81,14
DA:84,14
DA:94,0
DA:95,0
DA:104,1
DA:105,12
DA:106,12
DA:108,12
DA:109,0
DA:116,12
DA:118,12
DA:119,1
DA:125,11
DA:128,11
DA:129,1
DA:132,1
DA:139,10
DA:141,10
DA:143,8
DA:144,8
DA:147,8
DA:148,1
DA:151,8
DA:156,8
DA:157,1
DA:163,7
DA:170,2
DA:176,2
DA:181,2
DA:184,2
DA:194,0
DA:195,0
DA:203,1
DA:204,1
DA:205,1
DA:210,1
DA:211,0
DA:217,1
DA:221,0
DA:222,0
DA:230,1
DA:232,0
DA:238,1
DA:239,1
DA:246,1
LF:72
LH:61
BRDA:16,0,0,1
BRDA:16,0,1,18
BRDA:16,1,0,19
BRDA:16,1,1,19
BRDA:16,1,2,18
BRDA:25,2,0,0
BRDA:25,2,1,18
BRDA:33,3,0,0
BRDA:33,3,1,18
BRDA:33,4,0,18
BRDA:33,4,1,18
BRDA:58,5,0,2
BRDA:58,5,1,14
BRDA:108,6,0,0
BRDA:108,6,1,12
BRDA:108,7,0,12
BRDA:108,7,1,12
BRDA:118,8,0,1
BRDA:118,8,1,11
BRDA:128,9,0,1
BRDA:128,9,1,10
BRDA:128,10,0,11
BRDA:128,10,1,1
BRDA:141,11,0,8
BRDA:141,11,1,2
BRDA:147,12,0,1
BRDA:147,12,1,7
BRDA:156,13,0,1
BRDA:156,13,1,7
BRDA:210,14,0,0
BRDA:210,14,1,1
BRF:31
BRH:27
end_of_record
